android/app/build/intermediates/manifest_merge_blame_file/release/manifest-merger-blame-release-report.txt
1<?xml version="1.0" encoding="utf-8"?>
2<manifest xmlns:android="http://schemas.android.com/apk/res/android"
3    package="com.example.samvaad"
4    android:versionCode="1"
5    android:versionName="1.0.0" >
6
7    <uses-sdk
8        android:minSdkVersion="23"
9        android:targetSdkVersion="34" />
10
11    <uses-permission android:name="android.permission.CAMERA" />
11-->src\main\AndroidManifest.xml:2:5-65
11-->src\main\AndroidManifest.xml:2:22-62
12    <uses-permission android:name="android.permission.READ_EXTERNAL_STORAGE" />
12-->src\main\AndroidManifest.xml:3:5-80
12-->src\main\AndroidManifest.xml:3:22-77
13    <uses-permission android:name="android.permission.WRITE_EXTERNAL_STORAGE" />
13-->src\main\AndroidManifest.xml:4:5-81
13-->src\main\AndroidManifest.xml:4:22-78
14    <!--
15         Required to query activities that can process text, see:
16         https://developer.android.com/training/package-visibility and
17         https://developer.android.com/reference/android/content/Intent#ACTION_PROCESS_TEXT.
18
19         In particular, this is used by the Flutter engine in io.flutter.plugin.text.ProcessTextPlugin.
20    -->
21    <queries>
21-->src\main\AndroidManifest.xml:44:5-49:15
22        <intent>
22-->src\main\AndroidManifest.xml:45:9-48:18
23            <action android:name="android.intent.action.PROCESS_TEXT" />
23-->src\main\AndroidManifest.xml:46:13-72
23-->src\main\AndroidManifest.xml:46:21-70
24
25            <data android:mimeType="text/plain" />
25-->src\main\AndroidManifest.xml:47:13-50
25-->src\main\AndroidManifest.xml:47:19-48
26        </intent>
27        <!-- Needs to be explicitly declared on Android R+ -->
28        <package android:name="com.google.android.apps.maps" />
28-->[com.google.android.gms:play-services-maps:18.2.0] AndroidManifest.xml:33:9-64
28-->[com.google.android.gms:play-services-maps:18.2.0] AndroidManifest.xml:33:18-61
29    </queries>
30
31    <uses-permission android:name="android.permission.RECORD_AUDIO" />
31-->[:camera_android] AndroidManifest.xml:8:5-71
31-->[:camera_android] AndroidManifest.xml:8:22-68
32    <uses-permission android:name="android.permission.INTERNET" /> <!-- Include required permissions for Google Maps API to run. -->
32-->[:google_sign_in_android] AndroidManifest.xml:7:5-67
32-->[:google_sign_in_android] AndroidManifest.xml:7:22-64
33    <uses-permission android:name="android.permission.ACCESS_NETWORK_STATE" />
33-->[com.google.android.gms:play-services-maps:18.2.0] AndroidManifest.xml:23:5-79
33-->[com.google.android.gms:play-services-maps:18.2.0] AndroidManifest.xml:23:22-76
34
35    <uses-feature
35-->[com.google.android.gms:play-services-maps:18.2.0] AndroidManifest.xml:26:5-28:35
36        android:glEsVersion="0x00020000"
36-->[com.google.android.gms:play-services-maps:18.2.0] AndroidManifest.xml:27:9-41
37        android:required="true" />
37-->[com.google.android.gms:play-services-maps:18.2.0] AndroidManifest.xml:28:9-32
38
39    <uses-permission android:name="com.google.android.providers.gsf.permission.READ_GSERVICES" />
39-->[com.google.android.recaptcha:recaptcha:18.4.0] AndroidManifest.xml:9:5-98
39-->[com.google.android.recaptcha:recaptcha:18.4.0] AndroidManifest.xml:9:22-95
40
41    <permission
41-->[androidx.core:core:1.13.1] AndroidManifest.xml:22:5-24:47
42        android:name="com.example.samvaad.DYNAMIC_RECEIVER_NOT_EXPORTED_PERMISSION"
42-->[androidx.core:core:1.13.1] AndroidManifest.xml:23:9-81
43        android:protectionLevel="signature" />
43-->[androidx.core:core:1.13.1] AndroidManifest.xml:24:9-44
44
45    <uses-permission android:name="com.example.samvaad.DYNAMIC_RECEIVER_NOT_EXPORTED_PERMISSION" />
45-->[androidx.core:core:1.13.1] AndroidManifest.xml:26:5-97
45-->[androidx.core:core:1.13.1] AndroidManifest.xml:26:22-94
46
47    <application
48        android:name="android.app.Application"
48-->src\main\AndroidManifest.xml:9:5-38
49        android:appComponentFactory="androidx.core.app.CoreComponentFactory"
49-->[androidx.core:core:1.13.1] AndroidManifest.xml:28:18-86
50        android:enableOnBackInvokedCallback="true"
50-->src\main\AndroidManifest.xml:7:4-46
51        android:extractNativeLibs="false"
52        android:icon="@mipmap/ic_launcher"
52-->src\main\AndroidManifest.xml:10:5-39
53        android:label="samvaad" >
53-->src\main\AndroidManifest.xml:6:4-27
54        <activity
54-->src\main\AndroidManifest.xml:11:9-32:20
55            android:name="com.example.samvaad.MainActivity"
55-->src\main\AndroidManifest.xml:12:12-40
56            android:configChanges="orientation|keyboardHidden|keyboard|screenSize|smallestScreenSize|locale|layoutDirection|fontScale|screenLayout|density|uiMode"
56-->src\main\AndroidManifest.xml:17:13-163
57            android:exported="true"
57-->src\main\AndroidManifest.xml:14:13-36
58            android:hardwareAccelerated="true"
58-->src\main\AndroidManifest.xml:18:13-47
59            android:launchMode="singleTop"
59-->src\main\AndroidManifest.xml:15:13-43
60            android:taskAffinity=""
60-->src\main\AndroidManifest.xml:16:13-36
61            android:theme="@style/NoActionBarTheme"
61-->src\main\AndroidManifest.xml:13:12-51
62            android:windowSoftInputMode="adjustResize" >
62-->src\main\AndroidManifest.xml:19:13-55
63
64            <!--
65                 Specifies an Android theme to apply to this Activity as soon as
66                 the Android process has started. This theme is visible to the user
67                 while the Flutter UI initializes. After that, this theme continues
68                 to determine the Window background behind the Flutter UI.
69            -->
70            <meta-data
70-->src\main\AndroidManifest.xml:24:13-27:17
71                android:name="io.flutter.embedding.android.NormalTheme"
71-->src\main\AndroidManifest.xml:25:15-70
72                android:resource="@style/NormalTheme" />
72-->src\main\AndroidManifest.xml:26:15-52
73
74            <intent-filter>
74-->src\main\AndroidManifest.xml:28:13-31:29
75                <action android:name="android.intent.action.MAIN" />
75-->src\main\AndroidManifest.xml:29:17-68
75-->src\main\AndroidManifest.xml:29:25-66
76
77                <category android:name="android.intent.category.LAUNCHER" />
77-->src\main\AndroidManifest.xml:30:17-76
77-->src\main\AndroidManifest.xml:30:27-74
78            </intent-filter>
79        </activity>
80        <!--
81             Don't delete the meta-data below.
82             This is used by the Flutter tool to generate GeneratedPluginRegistrant.java
83        -->
84        <meta-data
84-->src\main\AndroidManifest.xml:35:9-37:33
85            android:name="flutterEmbedding"
85-->src\main\AndroidManifest.xml:36:13-44
86            android:value="2" />
86-->src\main\AndroidManifest.xml:37:13-30
87
88        <service
88-->[:cloud_firestore] AndroidManifest.xml:8:9-12:19
89            android:name="com.google.firebase.components.ComponentDiscoveryService"
89-->[:cloud_firestore] AndroidManifest.xml:8:18-89
90            android:directBootAware="true"
90-->[com.google.firebase:firebase-common:21.0.0] AndroidManifest.xml:32:13-43
91            android:exported="false" >
91-->[com.google.firebase:firebase-auth:23.0.0] AndroidManifest.xml:68:13-37
92            <meta-data
92-->[:cloud_firestore] AndroidManifest.xml:9:13-11:85
93                android:name="com.google.firebase.components:io.flutter.plugins.firebase.firestore.FlutterFirebaseFirestoreRegistrar"
93-->[:cloud_firestore] AndroidManifest.xml:10:17-134
94                android:value="com.google.firebase.components.ComponentRegistrar" />
94-->[:cloud_firestore] AndroidManifest.xml:11:17-82
95            <meta-data
95-->[:firebase_auth] AndroidManifest.xml:9:13-11:85
96                android:name="com.google.firebase.components:io.flutter.plugins.firebase.auth.FlutterFirebaseAuthRegistrar"
96-->[:firebase_auth] AndroidManifest.xml:10:17-124
97                android:value="com.google.firebase.components.ComponentRegistrar" />
97-->[:firebase_auth] AndroidManifest.xml:11:17-82
98            <meta-data
98-->[:firebase_storage] AndroidManifest.xml:9:13-11:85
99                android:name="com.google.firebase.components:io.flutter.plugins.firebase.storage.FlutterFirebaseAppRegistrar"
99-->[:firebase_storage] AndroidManifest.xml:10:17-126
100                android:value="com.google.firebase.components.ComponentRegistrar" />
100-->[:firebase_storage] AndroidManifest.xml:11:17-82
101            <meta-data
101-->[:firebase_core] AndroidManifest.xml:9:13-11:85
102                android:name="com.google.firebase.components:io.flutter.plugins.firebase.core.FlutterFirebaseCoreRegistrar"
102-->[:firebase_core] AndroidManifest.xml:10:17-124
103                android:value="com.google.firebase.components.ComponentRegistrar" />
103-->[:firebase_core] AndroidManifest.xml:11:17-82
104            <meta-data
104-->[com.google.firebase:firebase-auth:23.0.0] AndroidManifest.xml:69:13-71:85
105                android:name="com.google.firebase.components:com.google.firebase.auth.FirebaseAuthRegistrar"
105-->[com.google.firebase:firebase-auth:23.0.0] AndroidManifest.xml:70:17-109
106                android:value="com.google.firebase.components.ComponentRegistrar" />
106-->[com.google.firebase:firebase-auth:23.0.0] AndroidManifest.xml:71:17-82
107            <meta-data
107-->[com.google.firebase:firebase-firestore:25.1.0] AndroidManifest.xml:17:13-19:85
108                android:name="com.google.firebase.components:com.google.firebase.firestore.FirebaseFirestoreKtxRegistrar"
108-->[com.google.firebase:firebase-firestore:25.1.0] AndroidManifest.xml:18:17-122
109                android:value="com.google.firebase.components.ComponentRegistrar" />
109-->[com.google.firebase:firebase-firestore:25.1.0] AndroidManifest.xml:19:17-82
110            <meta-data
110-->[com.google.firebase:firebase-firestore:25.1.0] AndroidManifest.xml:20:13-22:85
111                android:name="com.google.firebase.components:com.google.firebase.firestore.FirestoreRegistrar"
111-->[com.google.firebase:firebase-firestore:25.1.0] AndroidManifest.xml:21:17-111
112                android:value="com.google.firebase.components.ComponentRegistrar" />
112-->[com.google.firebase:firebase-firestore:25.1.0] AndroidManifest.xml:22:17-82
113            <meta-data
113-->[com.google.firebase:firebase-storage:21.0.0] AndroidManifest.xml:30:13-32:85
114                android:name="com.google.firebase.components:com.google.firebase.storage.FirebaseStorageKtxRegistrar"
114-->[com.google.firebase:firebase-storage:21.0.0] AndroidManifest.xml:31:17-118
115                android:value="com.google.firebase.components.ComponentRegistrar" />
115-->[com.google.firebase:firebase-storage:21.0.0] AndroidManifest.xml:32:17-82
116            <meta-data
116-->[com.google.firebase:firebase-storage:21.0.0] AndroidManifest.xml:33:13-35:85
117                android:name="com.google.firebase.components:com.google.firebase.storage.StorageRegistrar"
117-->[com.google.firebase:firebase-storage:21.0.0] AndroidManifest.xml:34:17-107
118                android:value="com.google.firebase.components.ComponentRegistrar" />
118-->[com.google.firebase:firebase-storage:21.0.0] AndroidManifest.xml:35:17-82
119            <meta-data
119-->[com.google.firebase:firebase-appcheck:18.0.0] AndroidManifest.xml:25:13-27:85
120                android:name="com.google.firebase.components:com.google.firebase.appcheck.FirebaseAppCheckKtxRegistrar"
120-->[com.google.firebase:firebase-appcheck:18.0.0] AndroidManifest.xml:26:17-120
121                android:value="com.google.firebase.components.ComponentRegistrar" />
121-->[com.google.firebase:firebase-appcheck:18.0.0] AndroidManifest.xml:27:17-82
122            <meta-data
122-->[com.google.firebase:firebase-appcheck:18.0.0] AndroidManifest.xml:28:13-30:85
123                android:name="com.google.firebase.components:com.google.firebase.appcheck.FirebaseAppCheckRegistrar"
123-->[com.google.firebase:firebase-appcheck:18.0.0] AndroidManifest.xml:29:17-117
124                android:value="com.google.firebase.components.ComponentRegistrar" />
124-->[com.google.firebase:firebase-appcheck:18.0.0] AndroidManifest.xml:30:17-82
125            <meta-data
125-->[com.google.firebase:firebase-common-ktx:21.0.0] AndroidManifest.xml:12:13-14:85
126                android:name="com.google.firebase.components:com.google.firebase.ktx.FirebaseCommonLegacyRegistrar"
126-->[com.google.firebase:firebase-common-ktx:21.0.0] AndroidManifest.xml:13:17-116
127                android:value="com.google.firebase.components.ComponentRegistrar" />
127-->[com.google.firebase:firebase-common-ktx:21.0.0] AndroidManifest.xml:14:17-82
128            <meta-data
128-->[com.google.firebase:firebase-common:21.0.0] AndroidManifest.xml:35:13-37:85
129                android:name="com.google.firebase.components:com.google.firebase.FirebaseCommonKtxRegistrar"
129-->[com.google.firebase:firebase-common:21.0.0] AndroidManifest.xml:36:17-109
130                android:value="com.google.firebase.components.ComponentRegistrar" />
130-->[com.google.firebase:firebase-common:21.0.0] AndroidManifest.xml:37:17-82
131        </service>
132
133        <provider
133-->[:image_picker_android] AndroidManifest.xml:9:9-17:20
134            android:name="io.flutter.plugins.imagepicker.ImagePickerFileProvider"
134-->[:image_picker_android] AndroidManifest.xml:10:13-82
135            android:authorities="com.example.samvaad.flutter.image_provider"
135-->[:image_picker_android] AndroidManifest.xml:11:13-74
136            android:exported="false"
136-->[:image_picker_android] AndroidManifest.xml:12:13-37
137            android:grantUriPermissions="true" >
137-->[:image_picker_android] AndroidManifest.xml:13:13-47
138            <meta-data
138-->[:image_picker_android] AndroidManifest.xml:14:13-16:75
139                android:name="android.support.FILE_PROVIDER_PATHS"
139-->[:image_picker_android] AndroidManifest.xml:15:17-67
140                android:resource="@xml/flutter_image_picker_file_paths" />
140-->[:image_picker_android] AndroidManifest.xml:16:17-72
141        </provider> <!-- Trigger Google Play services to install the backported photo picker module. -->
142        <service
142-->[:image_picker_android] AndroidManifest.xml:19:9-31:19
143            android:name="com.google.android.gms.metadata.ModuleDependencies"
143-->[:image_picker_android] AndroidManifest.xml:20:13-78
144            android:enabled="false"
144-->[:image_picker_android] AndroidManifest.xml:21:13-36
145            android:exported="false" >
145-->[:image_picker_android] AndroidManifest.xml:22:13-37
146            <intent-filter>
146-->[:image_picker_android] AndroidManifest.xml:24:13-26:29
147                <action android:name="com.google.android.gms.metadata.MODULE_DEPENDENCIES" />
147-->[:image_picker_android] AndroidManifest.xml:25:17-94
147-->[:image_picker_android] AndroidManifest.xml:25:25-91
148            </intent-filter>
149
150            <meta-data
150-->[:image_picker_android] AndroidManifest.xml:28:13-30:36
151                android:name="photopicker_activity:0:required"
151-->[:image_picker_android] AndroidManifest.xml:29:17-63
152                android:value="" />
152-->[:image_picker_android] AndroidManifest.xml:30:17-33
153        </service>
154        <service
154-->[:geolocator_android] AndroidManifest.xml:8:9-12:56
155            android:name="com.baseflow.geolocator.GeolocatorLocationService"
155-->[:geolocator_android] AndroidManifest.xml:9:13-77
156            android:enabled="true"
156-->[:geolocator_android] AndroidManifest.xml:10:13-35
157            android:exported="false"
157-->[:geolocator_android] AndroidManifest.xml:11:13-37
158            android:foregroundServiceType="location" />
158-->[:geolocator_android] AndroidManifest.xml:12:13-53
159
160        <activity
160-->[:url_launcher_android] AndroidManifest.xml:8:9-11:74
161            android:name="io.flutter.plugins.urllauncher.WebViewActivity"
161-->[:url_launcher_android] AndroidManifest.xml:9:13-74
162            android:exported="false"
162-->[:url_launcher_android] AndroidManifest.xml:10:13-37
163            android:theme="@android:style/Theme.NoTitleBar.Fullscreen" /> <!-- Needs to be explicitly declared on P+ -->
163-->[:url_launcher_android] AndroidManifest.xml:11:13-71
164        <uses-library
164-->[com.google.android.gms:play-services-maps:18.2.0] AndroidManifest.xml:39:9-41:40
165            android:name="org.apache.http.legacy"
165-->[com.google.android.gms:play-services-maps:18.2.0] AndroidManifest.xml:40:13-50
166            android:required="false" />
166-->[com.google.android.gms:play-services-maps:18.2.0] AndroidManifest.xml:41:13-37
167
168        <activity
168-->[com.google.firebase:firebase-auth:23.0.0] AndroidManifest.xml:29:9-46:20
169            android:name="com.google.firebase.auth.internal.GenericIdpActivity"
169-->[com.google.firebase:firebase-auth:23.0.0] AndroidManifest.xml:30:13-80
170            android:excludeFromRecents="true"
170-->[com.google.firebase:firebase-auth:23.0.0] AndroidManifest.xml:31:13-46
171            android:exported="true"
171-->[com.google.firebase:firebase-auth:23.0.0] AndroidManifest.xml:32:13-36
172            android:launchMode="singleTask"
172-->[com.google.firebase:firebase-auth:23.0.0] AndroidManifest.xml:33:13-44
173            android:theme="@android:style/Theme.Translucent.NoTitleBar" >
173-->[com.google.firebase:firebase-auth:23.0.0] AndroidManifest.xml:34:13-72
174            <intent-filter>
174-->[com.google.firebase:firebase-auth:23.0.0] AndroidManifest.xml:35:13-45:29
175                <action android:name="android.intent.action.VIEW" />
175-->[com.google.firebase:firebase-auth:23.0.0] AndroidManifest.xml:36:17-69
175-->[com.google.firebase:firebase-auth:23.0.0] AndroidManifest.xml:36:25-66
176
177                <category android:name="android.intent.category.DEFAULT" />
177-->[com.google.firebase:firebase-auth:23.0.0] AndroidManifest.xml:38:17-76
177-->[com.google.firebase:firebase-auth:23.0.0] AndroidManifest.xml:38:27-73
178                <category android:name="android.intent.category.BROWSABLE" />
178-->[com.google.firebase:firebase-auth:23.0.0] AndroidManifest.xml:39:17-78
178-->[com.google.firebase:firebase-auth:23.0.0] AndroidManifest.xml:39:27-75
179
180                <data
180-->src\main\AndroidManifest.xml:47:13-50
181                    android:host="firebase.auth"
182                    android:path="/"
183                    android:scheme="genericidp" />
184            </intent-filter>
185        </activity>
186        <activity
186-->[com.google.firebase:firebase-auth:23.0.0] AndroidManifest.xml:47:9-64:20
187            android:name="com.google.firebase.auth.internal.RecaptchaActivity"
187-->[com.google.firebase:firebase-auth:23.0.0] AndroidManifest.xml:48:13-79
188            android:excludeFromRecents="true"
188-->[com.google.firebase:firebase-auth:23.0.0] AndroidManifest.xml:49:13-46
189            android:exported="true"
189-->[com.google.firebase:firebase-auth:23.0.0] AndroidManifest.xml:50:13-36
190            android:launchMode="singleTask"
190-->[com.google.firebase:firebase-auth:23.0.0] AndroidManifest.xml:51:13-44
191            android:theme="@android:style/Theme.Translucent.NoTitleBar" >
191-->[com.google.firebase:firebase-auth:23.0.0] AndroidManifest.xml:52:13-72
192            <intent-filter>
192-->[com.google.firebase:firebase-auth:23.0.0] AndroidManifest.xml:53:13-63:29
193                <action android:name="android.intent.action.VIEW" />
193-->[com.google.firebase:firebase-auth:23.0.0] AndroidManifest.xml:36:17-69
193-->[com.google.firebase:firebase-auth:23.0.0] AndroidManifest.xml:36:25-66
194
195                <category android:name="android.intent.category.DEFAULT" />
195-->[com.google.firebase:firebase-auth:23.0.0] AndroidManifest.xml:38:17-76
195-->[com.google.firebase:firebase-auth:23.0.0] AndroidManifest.xml:38:27-73
196                <category android:name="android.intent.category.BROWSABLE" />
196-->[com.google.firebase:firebase-auth:23.0.0] AndroidManifest.xml:39:17-78
196-->[com.google.firebase:firebase-auth:23.0.0] AndroidManifest.xml:39:27-75
197
198                <data
198-->src\main\AndroidManifest.xml:47:13-50
199                    android:host="firebase.auth"
200                    android:path="/"
201                    android:scheme="recaptcha" />
202            </intent-filter>
203        </activity>
204
205        <service
205-->[androidx.credentials:credentials-play-services-auth:1.2.0-rc01] AndroidManifest.xml:24:9-32:19
206            android:name="androidx.credentials.playservices.CredentialProviderMetadataHolder"
206-->[androidx.credentials:credentials-play-services-auth:1.2.0-rc01] AndroidManifest.xml:25:13-94
207            android:enabled="true"
207-->[androidx.credentials:credentials-play-services-auth:1.2.0-rc01] AndroidManifest.xml:26:13-35
208            android:exported="false" >
208-->[androidx.credentials:credentials-play-services-auth:1.2.0-rc01] AndroidManifest.xml:27:13-37
209            <meta-data
209-->[androidx.credentials:credentials-play-services-auth:1.2.0-rc01] AndroidManifest.xml:29:13-31:104
210                android:name="androidx.credentials.CREDENTIAL_PROVIDER_KEY"
210-->[androidx.credentials:credentials-play-services-auth:1.2.0-rc01] AndroidManifest.xml:30:17-76
211                android:value="androidx.credentials.playservices.CredentialProviderPlayServicesImpl" />
211-->[androidx.credentials:credentials-play-services-auth:1.2.0-rc01] AndroidManifest.xml:31:17-101
212        </service>
213
214        <activity
214-->[androidx.credentials:credentials-play-services-auth:1.2.0-rc01] AndroidManifest.xml:34:9-41:20
215            android:name="androidx.credentials.playservices.HiddenActivity"
215-->[androidx.credentials:credentials-play-services-auth:1.2.0-rc01] AndroidManifest.xml:35:13-76
216            android:configChanges="orientation|screenSize|screenLayout|keyboardHidden"
216-->[androidx.credentials:credentials-play-services-auth:1.2.0-rc01] AndroidManifest.xml:36:13-87
217            android:enabled="true"
217-->[androidx.credentials:credentials-play-services-auth:1.2.0-rc01] AndroidManifest.xml:37:13-35
218            android:exported="false"
218-->[androidx.credentials:credentials-play-services-auth:1.2.0-rc01] AndroidManifest.xml:38:13-37
219            android:fitsSystemWindows="true"
219-->[androidx.credentials:credentials-play-services-auth:1.2.0-rc01] AndroidManifest.xml:39:13-45
220            android:theme="@style/Theme.Hidden" >
220-->[androidx.credentials:credentials-play-services-auth:1.2.0-rc01] AndroidManifest.xml:40:13-48
221        </activity>
222        <activity
222-->[com.google.android.gms:play-services-auth:21.0.0] AndroidManifest.xml:23:9-27:75
223            android:name="com.google.android.gms.auth.api.signin.internal.SignInHubActivity"
223-->[com.google.android.gms:play-services-auth:21.0.0] AndroidManifest.xml:24:13-93
224            android:excludeFromRecents="true"
224-->[com.google.android.gms:play-services-auth:21.0.0] AndroidManifest.xml:25:13-46
225            android:exported="false"
225-->[com.google.android.gms:play-services-auth:21.0.0] AndroidManifest.xml:26:13-37
226            android:theme="@android:style/Theme.Translucent.NoTitleBar" />
226-->[com.google.android.gms:play-services-auth:21.0.0] AndroidManifest.xml:27:13-72
227        <!--
228            Service handling Google Sign-In user revocation. For apps that do not integrate with
229            Google Sign-In, this service will never be started.
230        -->
231        <service
231-->[com.google.android.gms:play-services-auth:21.0.0] AndroidManifest.xml:33:9-37:51
232            android:name="com.google.android.gms.auth.api.signin.RevocationBoundService"
232-->[com.google.android.gms:play-services-auth:21.0.0] AndroidManifest.xml:34:13-89
233            android:exported="true"
233-->[com.google.android.gms:play-services-auth:21.0.0] AndroidManifest.xml:35:13-36
234            android:permission="com.google.android.gms.auth.api.signin.permission.REVOCATION_NOTIFICATION"
234-->[com.google.android.gms:play-services-auth:21.0.0] AndroidManifest.xml:36:13-107
235            android:visibleToInstantApps="true" />
235-->[com.google.android.gms:play-services-auth:21.0.0] AndroidManifest.xml:37:13-48
236
237        <activity
237-->[com.google.android.gms:play-services-base:18.3.0] AndroidManifest.xml:20:9-22:45
238            android:name="com.google.android.gms.common.api.GoogleApiActivity"
238-->[com.google.android.gms:play-services-base:18.3.0] AndroidManifest.xml:20:19-85
239            android:exported="false"
239-->[com.google.android.gms:play-services-base:18.3.0] AndroidManifest.xml:22:19-43
240            android:theme="@android:style/Theme.Translucent.NoTitleBar" />
240-->[com.google.android.gms:play-services-base:18.3.0] AndroidManifest.xml:21:19-78
241
242        <provider
242-->[com.google.firebase:firebase-common:21.0.0] AndroidManifest.xml:23:9-28:39
243            android:name="com.google.firebase.provider.FirebaseInitProvider"
243-->[com.google.firebase:firebase-common:21.0.0] AndroidManifest.xml:24:13-77
244            android:authorities="com.example.samvaad.firebaseinitprovider"
244-->[com.google.firebase:firebase-common:21.0.0] AndroidManifest.xml:25:13-72
245            android:directBootAware="true"
245-->[com.google.firebase:firebase-common:21.0.0] AndroidManifest.xml:26:13-43
246            android:exported="false"
246-->[com.google.firebase:firebase-common:21.0.0] AndroidManifest.xml:27:13-37
247            android:initOrder="100" />
247-->[com.google.firebase:firebase-common:21.0.0] AndroidManifest.xml:28:13-36
248
249        <uses-library
249-->[androidx.window:window:1.2.0] AndroidManifest.xml:23:9-25:40
250            android:name="androidx.window.extensions"
250-->[androidx.window:window:1.2.0] AndroidManifest.xml:24:13-54
251            android:required="false" />
251-->[androidx.window:window:1.2.0] AndroidManifest.xml:25:13-37
252        <uses-library
252-->[androidx.window:window:1.2.0] AndroidManifest.xml:26:9-28:40
253            android:name="androidx.window.sidecar"
253-->[androidx.window:window:1.2.0] AndroidManifest.xml:27:13-51
254            android:required="false" />
254-->[androidx.window:window:1.2.0] AndroidManifest.xml:28:13-37
255
256        <meta-data
256-->[com.google.android.gms:play-services-basement:18.3.0] AndroidManifest.xml:21:9-23:69
257            android:name="com.google.android.gms.version"
257-->[com.google.android.gms:play-services-basement:18.3.0] AndroidManifest.xml:22:13-58
258            android:value="@integer/google_play_services_version" />
258-->[com.google.android.gms:play-services-basement:18.3.0] AndroidManifest.xml:23:13-66
259
260        <provider
260-->[androidx.emoji2:emoji2:1.2.0] AndroidManifest.xml:24:9-32:20
261            android:name="androidx.startup.InitializationProvider"
261-->[androidx.emoji2:emoji2:1.2.0] AndroidManifest.xml:25:13-67
262            android:authorities="com.example.samvaad.androidx-startup"
262-->[androidx.emoji2:emoji2:1.2.0] AndroidManifest.xml:26:13-68
263            android:exported="false" >
263-->[androidx.emoji2:emoji2:1.2.0] AndroidManifest.xml:27:13-37
264            <meta-data
264-->[androidx.emoji2:emoji2:1.2.0] AndroidManifest.xml:29:13-31:52
265                android:name="androidx.emoji2.text.EmojiCompatInitializer"
265-->[androidx.emoji2:emoji2:1.2.0] AndroidManifest.xml:30:17-75
266                android:value="androidx.startup" />
266-->[androidx.emoji2:emoji2:1.2.0] AndroidManifest.xml:31:17-49
267            <meta-data
267-->[androidx.lifecycle:lifecycle-process:2.7.0] AndroidManifest.xml:29:13-31:52
268                android:name="androidx.lifecycle.ProcessLifecycleInitializer"
268-->[androidx.lifecycle:lifecycle-process:2.7.0] AndroidManifest.xml:30:17-78
269                android:value="androidx.startup" />
269-->[androidx.lifecycle:lifecycle-process:2.7.0] AndroidManifest.xml:31:17-49
270            <meta-data
270-->[androidx.profileinstaller:profileinstaller:1.3.1] AndroidManifest.xml:29:13-31:52
271                android:name="androidx.profileinstaller.ProfileInstallerInitializer"
271-->[androidx.profileinstaller:profileinstaller:1.3.1] AndroidManifest.xml:30:17-85
272                android:value="androidx.startup" />
272-->[androidx.profileinstaller:profileinstaller:1.3.1] AndroidManifest.xml:31:17-49
273        </provider>
274
275        <receiver
275-->[androidx.profileinstaller:profileinstaller:1.3.1] AndroidManifest.xml:34:9-52:20
276            android:name="androidx.profileinstaller.ProfileInstallReceiver"
276-->[androidx.profileinstaller:profileinstaller:1.3.1] AndroidManifest.xml:35:13-76
277            android:directBootAware="false"
277-->[androidx.profileinstaller:profileinstaller:1.3.1] AndroidManifest.xml:36:13-44
278            android:enabled="true"
278-->[androidx.profileinstaller:profileinstaller:1.3.1] AndroidManifest.xml:37:13-35
279            android:exported="true"
279-->[androidx.profileinstaller:profileinstaller:1.3.1] AndroidManifest.xml:38:13-36
280            android:permission="android.permission.DUMP" >
280-->[androidx.profileinstaller:profileinstaller:1.3.1] AndroidManifest.xml:39:13-57
281            <intent-filter>
281-->[androidx.profileinstaller:profileinstaller:1.3.1] AndroidManifest.xml:40:13-42:29
282                <action android:name="androidx.profileinstaller.action.INSTALL_PROFILE" />
282-->[androidx.profileinstaller:profileinstaller:1.3.1] AndroidManifest.xml:41:17-91
282-->[androidx.profileinstaller:profileinstaller:1.3.1] AndroidManifest.xml:41:25-88
283            </intent-filter>
284            <intent-filter>
284-->[androidx.profileinstaller:profileinstaller:1.3.1] AndroidManifest.xml:43:13-45:29
285                <action android:name="androidx.profileinstaller.action.SKIP_FILE" />